<?xml version="1.0" encoding="UTF-8"?>
<!-- Generated by org.testng.reporters.JUnitReportReporter -->
<testsuite hostname="DESKTOP-P64LTVG" failures="0" tests="1" name="practise.Demo" time="0.015" errors="0" timestamp="2023-04-26T05:20:03 IST" skipped="0">
  <testcase classname="practise.Demo" name="demo" time="0.015"/>
  <system-out/>
</testsuite> <!-- practise.Demo -->
