<?xml version="1.0" encoding="UTF-8"?>
<!-- Generated by org.testng.reporters.JUnitReportReporter -->
<testsuite hostname="DESKTOP-P64LTVG" failures="0" tests="1" name="practise.Practise" time="0.020" errors="0" timestamp="2023-04-26T03:41:33 IST" skipped="0">
  <testcase classname="practise.Practise" name="sample" time="0.020"/>
  <system-out/>
</testsuite> <!-- practise.Practise -->
